<?xml version="1.0" encoding="UTF-8"?>
<testsuite name="TASK2TEST" tests="4" skipped="0" failures="0" errors="0" timestamp="2017-10-09T06:53:35" hostname="debian" time="0.021">
  <properties/>
  <testcase name="getSumBeforeNegElTest" classname="TASK2TEST" time="0.009"/>
  <testcase name="getSumAfterNegElTest" classname="TASK2TEST" time="0.001"/>
  <testcase name="NumberRowsWithNullElTest" classname="TASK2TEST" time="0.0"/>
  <testcase name="NumberRowsSameElTest" classname="TASK2TEST" time="0.001"/>
  <system-out><![CDATA[]]></system-out>
  <system-err><![CDATA[]]></system-err>
</testsuite>
