<?xml version="1.0" encoding="UTF-8"?>
<testsuite name="UserInterfaceTest" tests="1" skipped="0" failures="0" errors="0" timestamp="2017-10-09T06:53:35" hostname="debian" time="0.09">
  <properties/>
  <testcase name="ConvertTimeTest" classname="UserInterfaceTest" time="0.09"/>
  <system-out><![CDATA[]]></system-out>
  <system-err><![CDATA[]]></system-err>
</testsuite>
