<?xml version="1.0" encoding="UTF-8"?>
<testsuite name="TASK1TEST" tests="6" skipped="0" failures="0" errors="0" timestamp="2017-10-01T22:20:13" hostname="debian" time="0.011">
  <properties/>
  <testcase name="ArithmeticMeanArrayTEST" classname="TASK1TEST" time="0.006"/>
  <testcase name="maximumModuleElTEST" classname="TASK1TEST" time="0.0"/>
  <testcase name="pairedNumbersTest" classname="TASK1TEST" time="0.0"/>
  <testcase name="SumLargestAndSmallestElTEST" classname="TASK1TEST" time="0.0"/>
  <testcase name="DifferentMaxMinTEST" classname="TASK1TEST" time="0.0"/>
  <testcase name="SumMultipliedElTEST" classname="TASK1TEST" time="0.0"/>
  <system-out><![CDATA[]]></system-out>
  <system-err><![CDATA[]]></system-err>
</testsuite>
