<?xml version="1.0" encoding="UTF-8"?>
<testsuite name="MergeSortTest" tests="1" skipped="0" failures="0" errors="0" timestamp="2017-10-01T22:20:13" hostname="debian" time="0.002">
  <properties/>
  <testcase name="SortTest" classname="MergeSortTest" time="0.002"/>
  <system-out><![CDATA[]]></system-out>
  <system-err><![CDATA[]]></system-err>
</testsuite>
